#
# There is insufficient memory for the Java Runtime Environment to continue.
# Native memory allocation (malloc) failed to allocate 546176 bytes for Chunk::new
# Possible reasons:
#   The system is out of physical RAM or swap space
#   The process is running with CompressedOops enabled, and the Java Heap may be blocking the growth of the native heap
# Possible solutions:
#   Reduce memory load on the system
#   Increase physical memory or swap space
#   Check if swap backing store is full
#   Decrease Java heap size (-Xmx/-Xms)
#   Decrease number of Java threads
#   Decrease Java thread stack sizes (-Xss)
#   Set larger code cache with -XX:ReservedCodeCacheSize=
#   JVM is running with Unscaled Compressed Oops mode in which the Java heap is
#     placed in the first 4GB address space. The Java Heap base address is the
#     maximum limit for the native heap growth. Please use -XX:HeapBaseMinAddress
#     to set the Java Heap base and to place the Java Heap above 4GB virtual address.
# This output file may be truncated or incomplete.
#
#  Out of Memory Error (allocation.cpp:389), pid=33316, tid=0x00000000000083b0
#
# JRE version: Java(TM) SE Runtime Environment (8.0_211-b12) (build 1.8.0_211-b12)
# Java VM: Java HotSpot(TM) 64-Bit Server VM (25.211-b12 mixed mode windows-amd64 compressed oops)
# Failed to write core dump. Minidumps are not enabled by default on client versions of Windows
#

---------------  T H R E A D  ---------------

Current thread (0x00000000148f8000):  JavaThread "C2 CompilerThread2" daemon [_thread_in_native, id=33712, stack(0x00000000153f0000,0x00000000154f0000)]

Stack: [0x00000000153f0000,0x00000000154f0000]
[error occurred during error reporting (printing stack bounds), id 0xc0000005]

Native frames: (J=compiled Java code, j=interpreted, Vv=VM code, C=native code)


Current CompileTask:
C2:   2417  842       4       java.io.WinNTFileSystem::normalize (143 bytes)


---------------  P R O C E S S  ---------------

Java Threads: ( => current thread )
  0x0000000016531000 JavaThread "pool-1-thread-1" [_thread_blocked, id=9872, stack(0x0000000017140000,0x0000000017240000)]
  0x000000001496b800 JavaThread "Service Thread" daemon [_thread_blocked, id=22624, stack(0x00000000155f0000,0x00000000156f0000)]
  0x0000000014900000 JavaThread "C1 CompilerThread3" daemon [_thread_blocked, id=27528, stack(0x00000000154f0000,0x00000000155f0000)]
=>0x00000000148f8000 JavaThread "C2 CompilerThread2" daemon [_thread_in_native, id=33712, stack(0x00000000153f0000,0x00000000154f0000)]
  0x00000000148f6800 JavaThread "C2 CompilerThread1" daemon [_thread_blocked, id=29416, stack(0x00000000152f0000,0x00000000153f0000)]
  0x00000000148f3800 JavaThread "C2 CompilerThread0" daemon [_thread_blocked, id=27132, stack(0x00000000151f0000,0x00000000152f0000)]
  0x00000000148ef000 JavaThread "Attach Listener" daemon [_thread_blocked, id=33480, stack(0x00000000150f0000,0x00000000151f0000)]
  0x00000000148ec000 JavaThread "Signal Dispatcher" daemon [_thread_blocked, id=32948, stack(0x0000000014ff0000,0x00000000150f0000)]
  0x0000000012ad2000 JavaThread "Finalizer" daemon [_thread_blocked, id=1936, stack(0x0000000014dc0000,0x0000000014ec0000)]
  0x00000000148e0800 JavaThread "Reference Handler" daemon [_thread_blocked, id=28108, stack(0x0000000014cc0000,0x0000000014dc0000)]
  0x00000000021ae800 JavaThread "main" [_thread_in_native, id=23716, stack(0x0000000002050000,0x0000000002150000)]

Other Threads:
  0x0000000012ac8000 VMThread [stack: 0x00000000147c0000,0x00000000148c0000] [id=5144]
  0x000000001499d800 WatcherThread [stack: 0x0000000015860000,0x0000000015960000] [id=9860]

VM state:not at safepoint (normal execution)

VM Mutex/Monitor currently owned by a thread: None

heap address: 0x00000000fc000000, size: 64 MB, Compressed Oops mode: 32-bit
Narrow klass base: 0x0000000000000000, Narrow klass shift: 3
Compressed class space size: 1073741824 Address: 0x0000000100000000

Heap:
 PSYoungGen      total 18944K, used 11934K [0x00000000feb00000, 0x0000000100000000, 0x0000000100000000)
  eden space 16384K, 57% used [0x00000000feb00000,0x00000000ff42bb30,0x00000000ffb00000)
  from space 2560K, 99% used [0x00000000ffd80000,0x00000000ffffc010,0x0000000100000000)
  to   space 2560K, 0% used [0x00000000ffb00000,0x00000000ffb00000,0x00000000ffd80000)
 ParOldGen       total 44032K, used 1517K [0x00000000fc000000, 0x00000000feb00000, 0x00000000feb00000)
  object space 44032K, 3% used [0x00000000fc000000,0x00000000fc17b6e8,0x00000000feb00000)
 Metaspace       used 10152K, capacity 10492K, committed 10752K, reserved 1058816K
  class space    used 1383K, capacity 1516K, committed 1536K, reserved 1048576K

Card table byte_map: [0x0000000011680000,0x00000000116b0000] byte_map_base: 0x0000000010ea0000

Marking Bits: (ParMarkBitMap*) 0x00000000688d5ce0
 Begin Bits: [0x0000000011eb0000, 0x0000000011fb0000)
 End Bits:   [0x0000000011fb0000, 0x00000000120b0000)

Polling page: 0x0000000002150000

CodeCache: size=245760Kb used=3210Kb max_used=3224Kb free=242549Kb
 bounds [0x00000000022c0000, 0x00000000025f0000, 0x00000000112c0000]
 total_blobs=1169 nmethods=842 adapters=241
 compilation: enabled

Compilation events (10 events):
Event: 2.369 Thread 0x0000000014900000  839       3       sun.nio.cs.SingleByte$Encoder::encode (32 bytes)
Event: 2.369 Thread 0x0000000014900000 nmethod 839 0x00000000025e2450 code [0x00000000025e25c0, 0x00000000025e27d0]
Event: 2.369 Thread 0x0000000014900000  838       3       java.lang.ThreadLocal$ThreadLocalMap::access$000 (6 bytes)
Event: 2.369 Thread 0x0000000014900000 nmethod 838 0x00000000025e2090 code [0x00000000025e2200, 0x00000000025e2368]
Event: 2.369 Thread 0x0000000014900000  841       3       java.lang.Integer::reverseBytes (26 bytes)
Event: 2.369 Thread 0x0000000014900000 nmethod 841 0x00000000025e19d0 code [0x00000000025e1b20, 0x00000000025e1c70]
Event: 2.370 Thread 0x00000000148f3800 nmethod 836 0x00000000025e6850 code [0x00000000025e6a20, 0x00000000025e7660]
Event: 2.372 Thread 0x00000000148f8000  842       4       java.io.WinNTFileSystem::normalize (143 bytes)
Event: 2.372 Thread 0x0000000014900000  843       3       java.util.Vector::elementData (7 bytes)
Event: 2.372 Thread 0x0000000014900000 nmethod 843 0x00000000025e6490 code [0x00000000025e65e0, 0x00000000025e6750]

GC Heap History (4 events):
Event: 1.559 GC heap before
{Heap before GC invocations=1 (full 0):
 PSYoungGen      total 18944K, used 16384K [0x00000000feb00000, 0x0000000100000000, 0x0000000100000000)
  eden space 16384K, 100% used [0x00000000feb00000,0x00000000ffb00000,0x00000000ffb00000)
  from space 2560K, 0% used [0x00000000ffd80000,0x00000000ffd80000,0x0000000100000000)
  to   space 2560K, 0% used [0x00000000ffb00000,0x00000000ffb00000,0x00000000ffd80000)
 ParOldGen       total 44032K, used 0K [0x00000000fc000000, 0x00000000feb00000, 0x00000000feb00000)
  object space 44032K, 0% used [0x00000000fc000000,0x00000000fc000000,0x00000000feb00000)
 Metaspace       used 6077K, capacity 6366K, committed 6528K, reserved 1056768K
  class space    used 727K, capacity 845K, committed 896K, reserved 1048576K
Event: 1.566 GC heap after
Heap after GC invocations=1 (full 0):
 PSYoungGen      total 18944K, used 2551K [0x00000000feb00000, 0x0000000100000000, 0x0000000100000000)
  eden space 16384K, 0% used [0x00000000feb00000,0x00000000feb00000,0x00000000ffb00000)
  from space 2560K, 99% used [0x00000000ffb00000,0x00000000ffd7dd48,0x00000000ffd80000)
  to   space 2560K, 0% used [0x00000000ffd80000,0x00000000ffd80000,0x0000000100000000)
 ParOldGen       total 44032K, used 81K [0x00000000fc000000, 0x00000000feb00000, 0x00000000feb00000)
  object space 44032K, 0% used [0x00000000fc000000,0x00000000fc014640,0x00000000feb00000)
 Metaspace       used 6077K, capacity 6366K, committed 6528K, reserved 1056768K
  class space    used 727K, capacity 845K, committed 896K, reserved 1048576K
}
Event: 2.098 GC heap before
{Heap before GC invocations=2 (full 0):
 PSYoungGen      total 18944K, used 18935K [0x00000000feb00000, 0x0000000100000000, 0x0000000100000000)
  eden space 16384K, 100% used [0x00000000feb00000,0x00000000ffb00000,0x00000000ffb00000)
  from space 2560K, 99% used [0x00000000ffb00000,0x00000000ffd7dd48,0x00000000ffd80000)
  to   space 2560K, 0% used [0x00000000ffd80000,0x00000000ffd80000,0x0000000100000000)
 ParOldGen       total 44032K, used 81K [0x00000000fc000000, 0x00000000feb00000, 0x00000000feb00000)
  object space 44032K, 0% used [0x00000000fc000000,0x00000000fc014640,0x00000000feb00000)
 Metaspace       used 8750K, capacity 9080K, committed 9344K, reserved 1056768K
  class space    used 1161K, capacity 1284K, committed 1408K, reserved 1048576K
Event: 2.104 GC heap after
Heap after GC invocations=2 (full 0):
 PSYoungGen      total 18944K, used 2544K [0x00000000feb00000, 0x0000000100000000, 0x0000000100000000)
  eden space 16384K, 0% used [0x00000000feb00000,0x00000000feb00000,0x00000000ffb00000)
  from space 2560K, 99% used [0x00000000ffd80000,0x00000000ffffc010,0x0000000100000000)
  to   space 2560K, 0% used [0x00000000ffb00000,0x00000000ffb00000,0x00000000ffd80000)
 ParOldGen       total 44032K, used 1517K [0x00000000fc000000, 0x00000000feb00000, 0x00000000feb00000)
  object space 44032K, 3% used [0x00000000fc000000,0x00000000fc17b6e8,0x00000000feb00000)
 Metaspace       used 8750K, capacity 9080K, committed 9344K, reserved 1056768K
  class space    used 1161K, capacity 1284K, committed 1408K, reserved 1048576K
}

Deoptimization events (10 events):
Event: 1.519 Thread 0x00000000021ae800 Uncommon trap: reason=class_check action=maybe_recompile pc=0x0000000002506368 method=java.util.HashMap.putVal(ILjava/lang/Object;Ljava/lang/Object;ZZ)Ljava/lang/Object; @ 91
Event: 1.519 Thread 0x00000000021ae800 Uncommon trap: reason=class_check action=maybe_recompile pc=0x0000000002506368 method=java.util.HashMap.putVal(ILjava/lang/Object;Ljava/lang/Object;ZZ)Ljava/lang/Object; @ 91
Event: 1.519 Thread 0x00000000021ae800 Uncommon trap: reason=class_check action=maybe_recompile pc=0x0000000002503540 method=java.util.HashMap.putVal(ILjava/lang/Object;Ljava/lang/Object;ZZ)Ljava/lang/Object; @ 91
Event: 1.724 Thread 0x00000000021ae800 Uncommon trap: reason=unstable_if action=reinterpret pc=0x0000000002497800 method=java.util.regex.Matcher.reset()Ljava/util/regex/Matcher; @ 47
Event: 1.724 Thread 0x00000000021ae800 Uncommon trap: reason=class_check action=maybe_recompile pc=0x00000000024a3d18 method=java.util.regex.Matcher.match(II)Z @ 86
Event: 1.725 Thread 0x00000000021ae800 Uncommon trap: reason=class_check action=maybe_recompile pc=0x00000000024a3d18 method=java.util.regex.Matcher.match(II)Z @ 86
Event: 1.726 Thread 0x00000000021ae800 Uncommon trap: reason=class_check action=maybe_recompile pc=0x00000000024a3d18 method=java.util.regex.Matcher.match(II)Z @ 86
Event: 1.726 Thread 0x00000000021ae800 Uncommon trap: reason=class_check action=maybe_recompile pc=0x00000000024a3d18 method=java.util.regex.Matcher.match(II)Z @ 86
Event: 2.315 Thread 0x00000000021ae800 Uncommon trap: reason=unstable_if action=reinterpret pc=0x0000000002567754 method=java.util.HashMap.getNode(ILjava/lang/Object;)Ljava/util/HashMap$Node; @ 129
Event: 2.316 Thread 0x00000000021ae800 Uncommon trap: reason=bimorphic action=maybe_recompile pc=0x000000000253c94c method=java.util.HashMap.putVal(ILjava/lang/Object;Ljava/lang/Object;ZZ)Ljava/lang/Object; @ 203

Classes redefined (0 events):
No events

Internal exceptions (10 events):
Event: 2.187 Thread 0x00000000021ae800 Exception <a 'java/lang/ArrayIndexOutOfBoundsException'> (0x00000000feeb0a58) thrown at [C:\re\workspace\8-2-build-windows-amd64-cygwin\jdk8u211\12973\hotspot\src\share\vm\runtime\sharedRuntime.cpp, line 605]
Event: 2.188 Thread 0x00000000021ae800 Exception <a 'java/lang/ArrayIndexOutOfBoundsException'> (0x00000000feeb4e90) thrown at [C:\re\workspace\8-2-build-windows-amd64-cygwin\jdk8u211\12973\hotspot\src\share\vm\runtime\sharedRuntime.cpp, line 605]
Event: 2.201 Thread 0x00000000021ae800 Exception <a 'java/lang/ArrayIndexOutOfBoundsException'> (0x00000000fef247f8) thrown at [C:\re\workspace\8-2-build-windows-amd64-cygwin\jdk8u211\12973\hotspot\src\share\vm\runtime\sharedRuntime.cpp, line 605]
Event: 2.202 Thread 0x00000000021ae800 Exception <a 'java/lang/ArrayIndexOutOfBoundsException'> (0x00000000fef258c8) thrown at [C:\re\workspace\8-2-build-windows-amd64-cygwin\jdk8u211\12973\hotspot\src\share\vm\runtime\sharedRuntime.cpp, line 605]
Event: 2.202 Thread 0x00000000021ae800 Exception <a 'java/lang/ArrayIndexOutOfBoundsException'> (0x00000000fef26988) thrown at [C:\re\workspace\8-2-build-windows-amd64-cygwin\jdk8u211\12973\hotspot\src\share\vm\runtime\sharedRuntime.cpp, line 605]
Event: 2.202 Thread 0x00000000021ae800 Exception <a 'java/lang/ArrayIndexOutOfBoundsException'> (0x00000000fef284f0) thrown at [C:\re\workspace\8-2-build-windows-amd64-cygwin\jdk8u211\12973\hotspot\src\share\vm\runtime\sharedRuntime.cpp, line 605]
Event: 2.202 Thread 0x00000000021ae800 Exception <a 'java/lang/ArrayIndexOutOfBoundsException'> (0x00000000fef2bdf8) thrown at [C:\re\workspace\8-2-build-windows-amd64-cygwin\jdk8u211\12973\hotspot\src\share\vm\runtime\sharedRuntime.cpp, line 605]
Event: 2.203 Thread 0x00000000021ae800 Exception <a 'java/lang/ArrayIndexOutOfBoundsException'> (0x00000000fef2ef00) thrown at [C:\re\workspace\8-2-build-windows-amd64-cygwin\jdk8u211\12973\hotspot\src\share\vm\runtime\sharedRuntime.cpp, line 605]
Event: 2.205 Thread 0x00000000021ae800 Exception <a 'java/lang/ArrayIndexOutOfBoundsException'> (0x00000000fef31878) thrown at [C:\re\workspace\8-2-build-windows-amd64-cygwin\jdk8u211\12973\hotspot\src\share\vm\runtime\sharedRuntime.cpp, line 605]
Event: 2.234 Thread 0x00000000021ae800 Exception <a 'java/lang/NoSuchMethodError': java.lang.Object.lambda$get$0(Ljava/util/function/Supplier;Ljava/lang/Object;)Ljava/lang/Object;> (0x00000000ff011ba0) thrown at [C:\re\workspace\8-2-build-windows-amd64-cygwin\jdk8u211\12973\hotspot\src\share\v

Events (10 events):
Event: 2.367 loading class sun/security/provider/SeedGenerator$1
Event: 2.368 loading class sun/security/provider/SeedGenerator$1 done
Event: 2.371 loading class java/net/NetworkInterface
Event: 2.371 loading class java/net/NetworkInterface done
Event: 2.371 loading class java/net/NetworkInterface$1
Event: 2.372 loading class java/net/NetworkInterface$1 done
Event: 2.373 loading class java/net/InterfaceAddress
Event: 2.374 loading class java/net/InterfaceAddress done
Event: 2.374 loading class java/net/DefaultInterface
Event: 2.374 loading class java/net/DefaultInterface done


Dynamic libraries:
0x00007ff6ebd80000 - 0x00007ff6ebdb7000 	C:\Program Files\Java\jdk1.8.0_211\bin\java.exe
0x00007ffd38dc0000 - 0x00007ffd38fc7000 	C:\WINDOWS\SYSTEM32\ntdll.dll
0x00007ffd38640000 - 0x00007ffd386fd000 	C:\WINDOWS\System32\KERNEL32.DLL
0x00007ffd36540000 - 0x00007ffd368b4000 	C:\WINDOWS\System32\KERNELBASE.dll
0x00007ffd37ab0000 - 0x00007ffd37b5e000 	C:\WINDOWS\System32\ADVAPI32.dll
0x00007ffd36d50000 - 0x00007ffd36df3000 	C:\WINDOWS\System32\msvcrt.dll
0x00007ffd36e00000 - 0x00007ffd36e9e000 	C:\WINDOWS\System32\sechost.dll
0x00007ffd36ea0000 - 0x00007ffd36fc0000 	C:\WINDOWS\System32\RPCRT4.dll
0x00007ffd37870000 - 0x00007ffd37a1c000 	C:\WINDOWS\System32\USER32.dll
0x00007ffd36930000 - 0x00007ffd36956000 	C:\WINDOWS\System32\win32u.dll
0x00007ffd36fc0000 - 0x00007ffd36fe9000 	C:\WINDOWS\System32\GDI32.dll
0x00007ffd36b40000 - 0x00007ffd36c52000 	C:\WINDOWS\System32\gdi32full.dll
0x00007ffd36aa0000 - 0x00007ffd36b3d000 	C:\WINDOWS\System32\msvcp_win.dll
0x00007ffd36420000 - 0x00007ffd36531000 	C:\WINDOWS\System32\ucrtbase.dll
0x00007ffd1df00000 - 0x00007ffd1e1a5000 	C:\WINDOWS\WinSxS\amd64_microsoft.windows.common-controls_6595b64144ccf1df_6.0.22000.120_none_9d947278b86cc467\COMCTL32.dll
0x00007ffd383c0000 - 0x00007ffd383f1000 	C:\WINDOWS\System32\IMM32.DLL
0x00007ffce9ba0000 - 0x00007ffce9cb5000 	C:\Program Files\Topaz OFD\Warsaw\wslbscr64.dll
0x00007ffd37c10000 - 0x00007ffd383be000 	C:\WINDOWS\System32\SHELL32.dll
0x00007ffd338b0000 - 0x00007ffd338e4000 	C:\WINDOWS\SYSTEM32\ntmarta.dll
0x00007ffce72c0000 - 0x00007ffce73b3000 	C:\Program Files\Topaz OFD\Warsaw\wslbscrwh64.dll
0x0000000068960000 - 0x0000000068a32000 	C:\Program Files\Java\jdk1.8.0_211\jre\bin\msvcr100.dll
0x00000000680b0000 - 0x0000000068955000 	C:\Program Files\Java\jdk1.8.0_211\jre\bin\server\jvm.dll
0x00007ffd371b0000 - 0x00007ffd371b8000 	C:\WINDOWS\System32\PSAPI.DLL
0x00007ffd1f1b0000 - 0x00007ffd1f1b9000 	C:\WINDOWS\SYSTEM32\WSOCK32.dll
0x00007ffd38c20000 - 0x00007ffd38c8f000 	C:\WINDOWS\System32\WS2_32.dll
0x00007ffd30c40000 - 0x00007ffd30c73000 	C:\WINDOWS\SYSTEM32\WINMM.dll
0x00007ffd2e8d0000 - 0x00007ffd2e8da000 	C:\WINDOWS\SYSTEM32\VERSION.dll
0x00007ffcfa710000 - 0x00007ffcfa71f000 	C:\Program Files\Java\jdk1.8.0_211\jre\bin\verify.dll
0x00007ffcfa620000 - 0x00007ffcfa649000 	C:\Program Files\Java\jdk1.8.0_211\jre\bin\java.dll
0x00007ffcfa600000 - 0x00007ffcfa616000 	C:\Program Files\Java\jdk1.8.0_211\jre\bin\zip.dll
0x00007ffd343e0000 - 0x00007ffd34c47000 	C:\WINDOWS\SYSTEM32\windows.storage.dll
0x00007ffd388a0000 - 0x00007ffd38c18000 	C:\WINDOWS\System32\combase.dll
0x00007ffd34270000 - 0x00007ffd343d6000 	C:\WINDOWS\SYSTEM32\wintypes.dll
0x00007ffd36c60000 - 0x00007ffd36d4a000 	C:\WINDOWS\System32\SHCORE.dll
0x00007ffd38d20000 - 0x00007ffd38d7d000 	C:\WINDOWS\System32\shlwapi.dll
0x00007ffd361e0000 - 0x00007ffd36201000 	C:\WINDOWS\SYSTEM32\profapi.dll
0x00007ffcfa5e0000 - 0x00007ffcfa5fa000 	C:\Program Files\Java\jdk1.8.0_211\jre\bin\net.dll
0x00007ffd30350000 - 0x00007ffd3053e000 	C:\WINDOWS\SYSTEM32\urlmon.dll
0x00007ffd2ffc0000 - 0x00007ffd30272000 	C:\WINDOWS\SYSTEM32\iertutil.dll
0x00007ffd30280000 - 0x00007ffd302a8000 	C:\WINDOWS\SYSTEM32\srvcli.dll
0x00007ffd34e90000 - 0x00007ffd34e9c000 	C:\WINDOWS\SYSTEM32\netutils.dll
0x00007ffd357e0000 - 0x00007ffd35847000 	C:\WINDOWS\system32\mswsock.dll
0x00007ffcfa5c0000 - 0x00007ffcfa5d2000 	C:\Program Files\Java\jdk1.8.0_211\jre\bin\nio.dll
0x00007ffce4110000 - 0x00007ffce4137000 	C:\Users\rebec\.gradle\native\49d0259a56938c7f99b2704e745ce422c4f750a7a20b539a32ccef96729676b1\windows-amd64\native-platform.dll
0x00007ffcdf180000 - 0x00007ffcdf316000 	C:\Users\rebec\.gradle\native\12488b8bf47d2d4c9fbf2f6322a914ad602e24e48041cd04a747c6da556b65c4\windows-amd64\native-platform-file-events.dll
0x00007ffd28810000 - 0x00007ffd2881a000 	C:\Users\rebec\.gradle\native\jansi\1.18\windows64\jansi.dll
0x00007ffce40f0000 - 0x00007ffce40fd000 	C:\Program Files\Java\jdk1.8.0_211\jre\bin\management.dll
0x00007ffd35a20000 - 0x00007ffd35a38000 	C:\WINDOWS\SYSTEM32\CRYPTSP.dll
0x00007ffd352e0000 - 0x00007ffd35315000 	C:\WINDOWS\system32\rsaenh.dll
0x00007ffd358d0000 - 0x00007ffd358f9000 	C:\WINDOWS\SYSTEM32\USERENV.dll
0x00007ffd35c10000 - 0x00007ffd35c37000 	C:\WINDOWS\SYSTEM32\bcrypt.dll
0x0000000017780000 - 0x00000000177ff000 	C:\WINDOWS\System32\bcryptprimitives.dll
0x00007ffd35a40000 - 0x00007ffd35a4c000 	C:\WINDOWS\SYSTEM32\CRYPTBASE.dll
0x00007ffd34ea0000 - 0x00007ffd34ecd000 	C:\WINDOWS\SYSTEM32\IPHLPAPI.DLL
0x00007ffd376a0000 - 0x00007ffd376a9000 	C:\WINDOWS\System32\NSI.dll
0x00007ffd2ed50000 - 0x00007ffd2ed69000 	C:\WINDOWS\SYSTEM32\dhcpcsvc6.DLL
0x00007ffd2f7d0000 - 0x00007ffd2f7ee000 	C:\WINDOWS\SYSTEM32\dhcpcsvc.DLL
0x00007ffd34f10000 - 0x00007ffd34ff7000 	C:\WINDOWS\SYSTEM32\DNSAPI.dll

VM Arguments:
jvm_args: -Xmx64m -Xms64m -Dorg.gradle.appname=gradlew 
java_command: org.gradle.wrapper.GradleWrapperMain app:installDebug -PreactNativeDevServerPort=8081
java_class_path (initial): C:\xampp\htdocs\TCC-unigran\mobile\android\\gradle\wrapper\gradle-wrapper.jar
Launcher Type: SUN_STANDARD

Environment Variables:
JAVA_HOME=C:\Program Files\Java\jdk1.8.0_211
CLASSPATH=C:\xampp\htdocs\TCC-unigran\mobile\android\\gradle\wrapper\gradle-wrapper.jar
PATH=C:\xampp\htdocs\TCC-unigran\mobile\android\node_modules\.bin;C:\xampp\htdocs\TCC-unigran\mobile\node_modules\.bin;C:\xampp\htdocs\TCC-unigran\node_modules\.bin;C:\xampp\htdocs\node_modules\.bin;C:\xampp\node_modules\.bin;C:\node_modules\.bin;C:\Program Files\nodejs;C:\xampp\htdocs\TCC-unigran\mobile\node_modules\.bin;C:\xampp\htdocs\TCC-unigran\node_modules\.bin;C:\xampp\htdocs\node_modules\.bin;C:\xampp\node_modules\.bin;C:\node_modules\.bin;C:\Users\rebec\AppData\Roaming\nvm\v16.13.0\node_modules\npm\node_modules\@npmcli\run-script\lib\node-gyp-bin;C:\Python27\;C:\Python27\Scripts;C:\Python39\Scripts\;C:\Python39\;C:\Program Files\Common Files\Oracle\Java\javapath;C:\Program Files\Java\zulu11.48.21-ca-jdk11.0.11-win_x64\bin;C:\WINDOWS\system32;C:\WINDOWS;C:\WINDOWS\System32\Wbem;C:\WINDOWS\System32\WindowsPowerShell\v1.0\;C:\WINDOWS\System32\OpenSSH\;C:\xampp\versao\php;C:\ProgramData\ComposerSetup\bin;C:\Program Files\PuTTY\;C:\ProgramData\chocolatey\bin;C:\xampp\versao\mysql\bin;C:\Program Files\Git\cmd;C:\Program Files\OpenJDK\openjdk-8u312-b07\bin;C:\Users\rebec\AppData\Local\Android\Sdk\platform-tools;C:\Users\rebec\AppData\Roaming\nvm;C:\Program Files\nodejs;C:\Program Files\OpenJDK\jdk-17.0.1\bin;C:\Users\rebec\AppData\Local\Android\Sdk;C:\Program Files\Java\jdk1.8.0_211\bin;C:\xampp\versao\php;C:\xampp\php;C:\Ruby27-x64\bin;C:\Users\rebec\AppData\Local\Microsoft\WindowsApps;C:\Users\rebec\AppData\Local\Programs\Microsoft VS Code\bin;C:\Users\rebec\AppData\Roaming\Composer\vendor\bin;C:\Program Files\MongoDB\Server\5.0\bin;C:\Users\rebec\AppData\Local\GitHubDesktop\bin;C:\Users\rebec\AppData\Roaming\npm;C:\Users\rebec\AppData\Roaming\nvm;C:\Program Files\nodejs;C:\xampp\php;;C:\xampp\htdocs\TCC-unigran\mobile\node_modules\.bin
USERNAME=rebec
OS=Windows_NT
PROCESSOR_IDENTIFIER=AMD64 Family 23 Model 24 Stepping 1, AuthenticAMD



---------------  S Y S T E M  ---------------

OS: Windows 10.0 , 64 bit Build 22000 (10.0.22000.434)

CPU:total 8 (initial active 8) (8 cores per cpu, 1 threads per core) family 23 model 24 stepping 1, cmov, cx8, fxsr, mmx, sse, sse2, sse3, ssse3, sse4.1, sse4.2, popcnt, avx, avx2, aes, clmul, mmxext, 3dnowpref, lzcnt, sse4a, tsc, tscinvbit, tscinv, bmi1

Memory: 4k page, physical 3543304k(209392k free), swap 14553352k(16k free)

vm_info: Java HotSpot(TM) 64-Bit Server VM (25.211-b12) for windows-amd64 JRE (1.8.0_211-b12), built on Apr  1 2019 20:53:26 by "java_re" with MS VC++ 10.0 (VS2010)

time: Mon Jan 24 14:01:14 2022
timezone: Hora Universal Coordenada
elapsed time: 2 seconds (0d 0h 0m 2s)

